Build started 2015-06-26 오전 11:32:11.
     1>Project "C:\Users\ingun\Desktop\cqFBX\cqFBX\cqFBX.vcxproj" on node 2 (Build target(s)).
     1>ClCompile:
         C:\Program Files (x86)\Microsoft Visual Studio 12.0\VC\bin\CL.exe /c /I"C:\Program Files\Autodesk\FBX\FBX SDK\2015.1\include" /ZI /nologo /W3 /WX- /sdl /Od /Oy- /D WIN32 /D _DEBUG /D _CONSOLE /D _LIB /D _UNICODE /D UNICODE /Gm /EHsc /RTC1 /MDd /GS /fp:precise /Zc:wchar_t /Zc:forScope /Fo"Debug\\" /Fd"Debug\vc120.pdb" /Gd /TP /analyze- /errorReport:prompt main.cpp
         main.cpp
     1>c:\users\ingun\desktop\cqfbx\cqfbx\main.cpp(21): warning C4244: 'initializing' : conversion from 'double' to 'float', possible loss of data
     1>c:\users\ingun\desktop\cqfbx\cqfbx\main.cpp(22): warning C4244: 'initializing' : conversion from 'double' to 'float', possible loss of data
     1>c:\users\ingun\desktop\cqfbx\cqfbx\main.cpp(144): warning C4101: 'prevEv' : unreferenced local variable
     1>c:\users\ingun\desktop\cqfbx\cqfbx\main.cpp(235): warning C4244: 'initializing' : conversion from 'fbxsdk_2015_1::FbxDouble' to 'float', possible loss of data
     1>c:\users\ingun\desktop\cqfbx\cqfbx\main.cpp(236): warning C4244: 'initializing' : conversion from 'fbxsdk_2015_1::FbxDouble' to 'float', possible loss of data
     1>c:\users\ingun\desktop\cqfbx\cqfbx\main.cpp(275): warning C4244: '=' : conversion from 'fbxsdk_2015_1::FbxDouble' to 'float', possible loss of data
     1>c:\users\ingun\desktop\cqfbx\cqfbx\main.cpp(276): warning C4244: '=' : conversion from 'fbxsdk_2015_1::FbxDouble' to 'float', possible loss of data
     1>c:\users\ingun\desktop\cqfbx\cqfbx\main.cpp(281): warning C4244: '=' : conversion from 'fbxsdk_2015_1::FbxDouble' to 'float', possible loss of data
     1>c:\users\ingun\desktop\cqfbx\cqfbx\main.cpp(282): warning C4244: '=' : conversion from 'fbxsdk_2015_1::FbxDouble' to 'float', possible loss of data
     1>c:\users\ingun\desktop\cqfbx\cqfbx\main.cpp(332): warning C4018: '<' : signed/unsigned mismatch
     1>c:\users\ingun\desktop\cqfbx\cqfbx\main.cpp(433): warning C4018: '<' : signed/unsigned mismatch
     1>c:\users\ingun\desktop\cqfbx\cqfbx\main.cpp(483): warning C4018: '<' : signed/unsigned mismatch
       Link:
         C:\Program Files (x86)\Microsoft Visual Studio 12.0\VC\bin\link.exe /ERRORREPORT:PROMPT /OUT:"C:\Users\ingun\Desktop\cqFBX\Debug\cqFBX.exe" /INCREMENTAL /NOLOGO /LIBPATH:"C:\Program Files\Autodesk\FBX\FBX SDK\2015.1\lib\vs2013\x86\debug" kernel32.lib user32.lib gdi32.lib winspool.lib comdlg32.lib advapi32.lib shell32.lib ole32.lib oleaut32.lib uuid.lib odbc32.lib odbccp32.lib wininet.lib "libfbxsdk-md.lib" kernel32.lib user32.lib gdi32.lib winspool.lib comdlg32.lib advapi32.lib shell32.lib ole32.lib oleaut32.lib uuid.lib odbc32.lib odbccp32.lib /NODEFAULTLIB:LIBMCT /MANIFEST /MANIFESTUAC:"level='asInvoker' uiAccess='false'" /manifest:embed /DEBUG /PDB:"C:\Users\ingun\Desktop\cqFBX\Debug\cqFBX.pdb" /SUBSYSTEM:CONSOLE /TLBID:1 /DYNAMICBASE /NXCOMPAT /IMPLIB:"C:\Users\ingun\Desktop\cqFBX\Debug\cqFBX.lib" /MACHINE:X86 Debug\main.obj
         cqFBX.vcxproj -> C:\Users\ingun\Desktop\cqFBX\Debug\cqFBX.exe
     1>Done Building Project "C:\Users\ingun\Desktop\cqFBX\cqFBX\cqFBX.vcxproj" (Build target(s)).

Build succeeded.

Time Elapsed 00:00:02.64
